[Thread debugging using libthread_db enabled]
Using host libthread_db library "/lib/x86_64-linux-gnu/libthread_db.so.1".
0x00007f1ff411445a in __GI___wait4 (pid=48558, stat_loc=stat_loc@entry=0x7ffe8f0b75d8, options=options@entry=0, usage=usage@entry=0x0) at ../sysdeps/unix/sysv/linux/wait4.c:30
30	../sysdeps/unix/sysv/linux/wait4.c: No such file or directory.
#0  0x00007f1ff411445a in __GI___wait4 (pid=48558, stat_loc=stat_loc@entry=0x7ffe8f0b75d8, options=options@entry=0, usage=usage@entry=0x0) at ../sysdeps/unix/sysv/linux/wait4.c:30
        sc_ret = -512
        sc_ret = <optimized out>
#1  0x00007f1ff411441b in __GI___waitpid (pid=<optimized out>, stat_loc=stat_loc@entry=0x7ffe8f0b75d8, options=options@entry=0) at ./posix/waitpid.c:38
No locals.
#2  0x00007f1ff407abcb in do_system (line=<optimized out>) at ../sysdeps/posix/system.c:171
        __result = <optimized out>
        _cleanup_start_doit = true
        _buffer = {__routine = 0x7f1ff407ac50 <cancel_handler>, __arg = 0x7ffe8f0b75e0, __canceltype = 0, __prev = 0x0}
        _cleanup_routine = 0x7f1ff407ac50 <cancel_handler>
        cancel_args = {quit = 0x7f1ff42457a0 <quit>, intr = 0x7f1ff4245840 <intr>, pid = 48558}
        status = -1
        ret = 0
        pid = 48558
        sa = {__sigaction_handler = {sa_handler = 0x1, sa_sigaction = 0x1}, sa_mask = {__val = {65536, 0, 0, 0, 0, 0, 0, 0, 0, 2141192192, 0, 18446744073709551615, 0, 18446744073709551615, 0, 18446744073709551615}}, sa_flags = 0, sa_restorer = 0x7fa00000ffffffff}
        omask = {__val = {0, 9196350441231745024, 9196350441231745024, 9196350441231745024, 9196350441231745024, 9196350441231745024, 9196350441231745024, 9196350441231745024, 9196350441231745024, 9196350441231745024, 9196350441231745024, 140731298315056, 3978144361359309815, 7354791178640454144, 140731298315056, 2}}
        reset = {__val = {6, 199, 140731298313984, 94550128805873, 140731298314368, 139775215084826, 140731298314384, 140731298314224, 140733120872449, 140731298315056, 140731298315056, 140731298315056, 140731298315056, 140731298315134, 140731298315255, 140731298315056}}
        spawn_attr = {__flags = 12, __pgrp = 0, __sd = {__val = {6, 199, 140731298313984, 94550128805873, 140731298314368, 139775215084826, 140731298314384, 140731298314224, 140733120872449, 140731298315056, 140731298315056, 140731298315056, 140731298315056, 140731298315134, 140731298315255, 140731298315056}}, __ss = {__val = {0, 9196350441231745024, 9196350441231745024, 9196350441231745024, 9196350441231745024, 9196350441231745024, 9196350441231745024, 9196350441231745024, 9196350441231745024, 9196350441231745024, 9196350441231745024, 140731298315056, 3978144361359309815, 7354791178640454144, 140731298315056, 2}}, __sp = {sched_priority = 0}, __policy = 0, __pad = {0 <repeats 16 times>}}
#3  0x000055fe2ac557ed in AP_HAL::run_command_on_ownpid(char const*) ()
No symbol table info available.
#4  0x000055fe2ac55ab6 in AP_HAL::panic(char const*, ...) ()
No symbol table info available.
#5  0x000055fe2ab60ebe in AP_Param::check_group_info(AP_Param::GroupInfo const*, unsigned short*, unsigned char, unsigned char) ()
No symbol table info available.
#6  0x000055fe2ab6106c in AP_Param::check_var_info() ()
No symbol table info available.
#7  0x000055fe2ab79e6a in AP_Vehicle::setup() ()
No symbol table info available.
#8  0x000055fe2ac4faad in HAL_SITL::run(int, char* const*, AP_HAL::HAL::Callbacks*) const ()
No symbol table info available.
#9  0x000055fe2aa94f54 in main ()
No symbol table info available.

Thread 1 (Thread 0x7f1ff4025740 (LWP 48557) "arducopter"):
#0  0x00007f1ff411445a in __GI___wait4 (pid=48558, stat_loc=stat_loc@entry=0x7ffe8f0b75d8, options=options@entry=0, usage=usage@entry=0x0) at ../sysdeps/unix/sysv/linux/wait4.c:30
        sc_ret = -512
        sc_ret = <optimized out>
#1  0x00007f1ff411441b in __GI___waitpid (pid=<optimized out>, stat_loc=stat_loc@entry=0x7ffe8f0b75d8, options=options@entry=0) at ./posix/waitpid.c:38
No locals.
#2  0x00007f1ff407abcb in do_system (line=<optimized out>) at ../sysdeps/posix/system.c:171
        __result = <optimized out>
        _cleanup_start_doit = true
        _buffer = {__routine = 0x7f1ff407ac50 <cancel_handler>, __arg = 0x7ffe8f0b75e0, __canceltype = 0, __prev = 0x0}
        _cleanup_routine = 0x7f1ff407ac50 <cancel_handler>
        cancel_args = {quit = 0x7f1ff42457a0 <quit>, intr = 0x7f1ff4245840 <intr>, pid = 48558}
        status = -1
        ret = 0
        pid = 48558
        sa = {__sigaction_handler = {sa_handler = 0x1, sa_sigaction = 0x1}, sa_mask = {__val = {65536, 0, 0, 0, 0, 0, 0, 0, 0, 2141192192, 0, 18446744073709551615, 0, 18446744073709551615, 0, 18446744073709551615}}, sa_flags = 0, sa_restorer = 0x7fa00000ffffffff}
        omask = {__val = {0, 9196350441231745024, 9196350441231745024, 9196350441231745024, 9196350441231745024, 9196350441231745024, 9196350441231745024, 9196350441231745024, 9196350441231745024, 9196350441231745024, 9196350441231745024, 140731298315056, 3978144361359309815, 7354791178640454144, 140731298315056, 2}}
        reset = {__val = {6, 199, 140731298313984, 94550128805873, 140731298314368, 139775215084826, 140731298314384, 140731298314224, 140733120872449, 140731298315056, 140731298315056, 140731298315056, 140731298315056, 140731298315134, 140731298315255, 140731298315056}}
        spawn_attr = {__flags = 12, __pgrp = 0, __sd = {__val = {6, 199, 140731298313984, 94550128805873, 140731298314368, 139775215084826, 140731298314384, 140731298314224, 140733120872449, 140731298315056, 140731298315056, 140731298315056, 140731298315056, 140731298315134, 140731298315255, 140731298315056}}, __ss = {__val = {0, 9196350441231745024, 9196350441231745024, 9196350441231745024, 9196350441231745024, 9196350441231745024, 9196350441231745024, 9196350441231745024, 9196350441231745024, 9196350441231745024, 9196350441231745024, 140731298315056, 3978144361359309815, 7354791178640454144, 140731298315056, 2}}, __sp = {sched_priority = 0}, __policy = 0, __pad = {0 <repeats 16 times>}}
#3  0x000055fe2ac557ed in AP_HAL::run_command_on_ownpid(char const*) ()
No symbol table info available.
#4  0x000055fe2ac55ab6 in AP_HAL::panic(char const*, ...) ()
No symbol table info available.
#5  0x000055fe2ab60ebe in AP_Param::check_group_info(AP_Param::GroupInfo const*, unsigned short*, unsigned char, unsigned char) ()
No symbol table info available.
#6  0x000055fe2ab6106c in AP_Param::check_var_info() ()
No symbol table info available.
#7  0x000055fe2ab79e6a in AP_Vehicle::setup() ()
No symbol table info available.
#8  0x000055fe2ac4faad in HAL_SITL::run(int, char* const*, AP_HAL::HAL::Callbacks*) const ()
No symbol table info available.
#9  0x000055fe2aa94f54 in main ()
No symbol table info available.
A debugging session is active.

	Inferior 1 [process 48557] will be detached.

Quit anyway? (y or n) [answered Y; input not from terminal]
[Inferior 1 (process 48557) detached]
