[Thread debugging using libthread_db enabled]
Using host libthread_db library "/lib/x86_64-linux-gnu/libthread_db.so.1".
0x00007fbdab6e845a in __GI___wait4 (pid=47792, stat_loc=stat_loc@entry=0x7ffcb4cbf9e8, options=options@entry=0, usage=usage@entry=0x0) at ../sysdeps/unix/sysv/linux/wait4.c:30
30	../sysdeps/unix/sysv/linux/wait4.c: No such file or directory.
#0  0x00007fbdab6e845a in __GI___wait4 (pid=47792, stat_loc=stat_loc@entry=0x7ffcb4cbf9e8, options=options@entry=0, usage=usage@entry=0x0) at ../sysdeps/unix/sysv/linux/wait4.c:30
        sc_ret = -512
        sc_ret = <optimized out>
#1  0x00007fbdab6e841b in __GI___waitpid (pid=<optimized out>, stat_loc=stat_loc@entry=0x7ffcb4cbf9e8, options=options@entry=0) at ./posix/waitpid.c:38
No locals.
#2  0x00007fbdab64ebcb in do_system (line=<optimized out>) at ../sysdeps/posix/system.c:171
        __result = <optimized out>
        _cleanup_start_doit = true
        _buffer = {__routine = 0x7fbdab64ec50 <cancel_handler>, __arg = 0x7ffcb4cbf9f0, __canceltype = 0, __prev = 0x0}
        _cleanup_routine = 0x7fbdab64ec50 <cancel_handler>
        cancel_args = {quit = 0x7fbdab8197a0 <quit>, intr = 0x7fbdab819840 <intr>, pid = 47792}
        status = -1
        ret = 0
        pid = 47792
        sa = {__sigaction_handler = {sa_handler = 0x1, sa_sigaction = 0x1}, sa_mask = {__val = {65536, 0, 0, 0, 0, 0, 0, 0, 0, 2141192192, 0, 18446744073709551615, 0, 18446744073709551615, 0, 18446744073709551615}}, sa_flags = 0, sa_restorer = 0x7fa00000ffffffff}
        omask = {__val = {0, 9196350441231745024, 9196350441231745024, 9196350441231745024, 9196350441231745024, 9196350441231745024, 9196350441231745024, 9196350441231745024, 9196350441231745024, 9196350441231745024, 9196350441231745024, 140723341754176, 3546926891779489799, 10910038918363635200, 140723341754176, 2}}
        reset = {__val = {6, 199, 140723341753104, 94209352947697, 140723341753488, 140452601292058, 140723341753504, 140723341753344, 140724530937857, 140723341754176, 140723341754176, 140723341754176, 140723341754176, 140723341754254, 140723341754375, 140723341754176}}
        spawn_attr = {__flags = 12, __pgrp = 0, __sd = {__val = {6, 199, 140723341753104, 94209352947697, 140723341753488, 140452601292058, 140723341753504, 140723341753344, 140724530937857, 140723341754176, 140723341754176, 140723341754176, 140723341754176, 140723341754254, 140723341754375, 140723341754176}}, __ss = {__val = {0, 9196350441231745024, 9196350441231745024, 9196350441231745024, 9196350441231745024, 9196350441231745024, 9196350441231745024, 9196350441231745024, 9196350441231745024, 9196350441231745024, 9196350441231745024, 140723341754176, 3546926891779489799, 10910038918363635200, 140723341754176, 2}}, __sp = {sched_priority = 0}, __policy = 0, __pad = {0 <repeats 16 times>}}
#3  0x000055aed2f267ed in AP_HAL::run_command_on_ownpid(char const*) ()
No symbol table info available.
#4  0x000055aed2f26ab6 in AP_HAL::panic(char const*, ...) ()
No symbol table info available.
#5  0x000055aed2e31ebe in AP_Param::check_group_info(AP_Param::GroupInfo const*, unsigned short*, unsigned char, unsigned char) ()
No symbol table info available.
#6  0x000055aed2e3206c in AP_Param::check_var_info() ()
No symbol table info available.
#7  0x000055aed2e4ae6a in AP_Vehicle::setup() ()
No symbol table info available.
#8  0x000055aed2f20aad in HAL_SITL::run(int, char* const*, AP_HAL::HAL::Callbacks*) const ()
No symbol table info available.
#9  0x000055aed2d65f54 in main ()
No symbol table info available.

Thread 1 (Thread 0x7fbdab5f9740 (LWP 47791) "arducopter"):
#0  0x00007fbdab6e845a in __GI___wait4 (pid=47792, stat_loc=stat_loc@entry=0x7ffcb4cbf9e8, options=options@entry=0, usage=usage@entry=0x0) at ../sysdeps/unix/sysv/linux/wait4.c:30
        sc_ret = -512
        sc_ret = <optimized out>
#1  0x00007fbdab6e841b in __GI___waitpid (pid=<optimized out>, stat_loc=stat_loc@entry=0x7ffcb4cbf9e8, options=options@entry=0) at ./posix/waitpid.c:38
No locals.
#2  0x00007fbdab64ebcb in do_system (line=<optimized out>) at ../sysdeps/posix/system.c:171
        __result = <optimized out>
        _cleanup_start_doit = true
        _buffer = {__routine = 0x7fbdab64ec50 <cancel_handler>, __arg = 0x7ffcb4cbf9f0, __canceltype = 0, __prev = 0x0}
        _cleanup_routine = 0x7fbdab64ec50 <cancel_handler>
        cancel_args = {quit = 0x7fbdab8197a0 <quit>, intr = 0x7fbdab819840 <intr>, pid = 47792}
        status = -1
        ret = 0
        pid = 47792
        sa = {__sigaction_handler = {sa_handler = 0x1, sa_sigaction = 0x1}, sa_mask = {__val = {65536, 0, 0, 0, 0, 0, 0, 0, 0, 2141192192, 0, 18446744073709551615, 0, 18446744073709551615, 0, 18446744073709551615}}, sa_flags = 0, sa_restorer = 0x7fa00000ffffffff}
        omask = {__val = {0, 9196350441231745024, 9196350441231745024, 9196350441231745024, 9196350441231745024, 9196350441231745024, 9196350441231745024, 9196350441231745024, 9196350441231745024, 9196350441231745024, 9196350441231745024, 140723341754176, 3546926891779489799, 10910038918363635200, 140723341754176, 2}}
        reset = {__val = {6, 199, 140723341753104, 94209352947697, 140723341753488, 140452601292058, 140723341753504, 140723341753344, 140724530937857, 140723341754176, 140723341754176, 140723341754176, 140723341754176, 140723341754254, 140723341754375, 140723341754176}}
        spawn_attr = {__flags = 12, __pgrp = 0, __sd = {__val = {6, 199, 140723341753104, 94209352947697, 140723341753488, 140452601292058, 140723341753504, 140723341753344, 140724530937857, 140723341754176, 140723341754176, 140723341754176, 140723341754176, 140723341754254, 140723341754375, 140723341754176}}, __ss = {__val = {0, 9196350441231745024, 9196350441231745024, 9196350441231745024, 9196350441231745024, 9196350441231745024, 9196350441231745024, 9196350441231745024, 9196350441231745024, 9196350441231745024, 9196350441231745024, 140723341754176, 3546926891779489799, 10910038918363635200, 140723341754176, 2}}, __sp = {sched_priority = 0}, __policy = 0, __pad = {0 <repeats 16 times>}}
#3  0x000055aed2f267ed in AP_HAL::run_command_on_ownpid(char const*) ()
No symbol table info available.
#4  0x000055aed2f26ab6 in AP_HAL::panic(char const*, ...) ()
No symbol table info available.
#5  0x000055aed2e31ebe in AP_Param::check_group_info(AP_Param::GroupInfo const*, unsigned short*, unsigned char, unsigned char) ()
No symbol table info available.
#6  0x000055aed2e3206c in AP_Param::check_var_info() ()
No symbol table info available.
#7  0x000055aed2e4ae6a in AP_Vehicle::setup() ()
No symbol table info available.
#8  0x000055aed2f20aad in HAL_SITL::run(int, char* const*, AP_HAL::HAL::Callbacks*) const ()
No symbol table info available.
#9  0x000055aed2d65f54 in main ()
No symbol table info available.
A debugging session is active.

	Inferior 1 [process 47791] will be detached.

Quit anyway? (y or n) [answered Y; input not from terminal]
[Inferior 1 (process 47791) detached]
